<?xml version="1.0" encoding="UTF-8"?>
<testsuite name="com.simple.graph.lib.GraphRepositoryTest" tests="1" skipped="0" failures="0" errors="0" timestamp="2020-10-18T14:40:08" hostname="MacBook-Pro-Ila.local" time="0.003">
  <properties/>
  <testcase name="addVertexTest" classname="com.simple.graph.lib.GraphRepositoryTest" time="0.003"/>
  <system-out><![CDATA[]]></system-out>
  <system-err><![CDATA[]]></system-err>
</testsuite>
